# JRE version: OpenJDK Runtime Environment (11.0.2+9) (build 11.0.2+9-Ubuntu-3ubuntu118.04.1)
# Java VM: OpenJDK 64-Bit Server VM (11.0.2+9-Ubuntu-3ubuntu118.04.1, mixed mode, sharing, tiered, compressed oops, g1 gc, linux-amd64)
Heap:
 garbage-first heap   total 310272K, used 31948K [0x0000000707000000, 0x0000000800000000)
  region size 1024K, 20 young (20480K), 11 survivors (11264K)
 Metaspace       used 19866K, capacity 20535K, committed 20864K, reserved 1067008K
  class space    used 2089K, capacity 2369K, committed 2432K, reserved 1048576K
GC Heap History (10 events):
Event: 1,037 GC heap before
{Heap before GC invocations=1 (full 0):
 garbage-first heap   total 258048K, used 13832K [0x0000000707000000, 0x0000000800000000)
  region size 1024K, 12 young (12288K), 2 survivors (2048K)
 Metaspace       used 14663K, capacity 15151K, committed 15488K, reserved 1062912K
  class space    used 1669K, capacity 1888K, committed 1920K, reserved 1048576K
}
Event: 1,045 GC heap after
{Heap after GC invocations=2 (full 0):
 garbage-first heap   total 258048K, used 5446K [0x0000000707000000, 0x0000000800000000)
  region size 1024K, 2 young (2048K), 2 survivors (2048K)
 Metaspace       used 14663K, capacity 15151K, committed 15488K, reserved 1062912K
  class space    used 1669K, capacity 1888K, committed 1920K, reserved 1048576K
}
Event: 2,034 GC heap before
{Heap before GC invocations=2 (full 0):
 garbage-first heap   total 258048K, used 33094K [0x0000000707000000, 0x0000000800000000)
  region size 1024K, 30 young (30720K), 2 survivors (2048K)
 Metaspace       used 17021K, capacity 17640K, committed 17920K, reserved 1064960K
  class space    used 1937K, capacity 2203K, committed 2304K, reserved 1048576K
}
Event: 2,042 GC heap after
{Heap after GC invocations=3 (full 0):
 garbage-first heap   total 258048K, used 8518K [0x0000000707000000, 0x0000000800000000)
  region size 1024K, 4 young (4096K), 4 survivors (4096K)
 Metaspace       used 17021K, capacity 17640K, committed 17920K, reserved 1064960K
  class space    used 1937K, capacity 2203K, committed 2304K, reserved 1048576K
}
Event: 4,257 GC heap before
{Heap before GC invocations=3 (full 0):
 garbage-first heap   total 258048K, used 43334K [0x0000000707000000, 0x0000000800000000)
  region size 1024K, 38 young (38912K), 4 survivors (4096K)
 Metaspace       used 17071K, capacity 17736K, committed 17920K, reserved 1064960K
  class space    used 1941K, capacity 2235K, committed 2304K, reserved 1048576K
}
Event: 4,267 GC heap after
{Heap after GC invocations=4 (full 0):
 garbage-first heap   total 258048K, used 11121K [0x0000000707000000, 0x0000000800000000)
  region size 1024K, 5 young (5120K), 5 survivors (5120K)
 Metaspace       used 17071K, capacity 17736K, committed 17920K, reserved 1064960K
  class space    used 1941K, capacity 2235K, committed 2304K, reserved 1048576K
}
Event: 9,256 GC heap before
{Heap before GC invocations=4 (full 0):
 garbage-first heap   total 258048K, used 59249K [0x0000000707000000, 0x0000000800000000)
  region size 1024K, 52 young (53248K), 5 survivors (5120K)
 Metaspace       used 17210K, capacity 17864K, committed 18176K, reserved 1064960K
  class space    used 1943K, capacity 2235K, committed 2304K, reserved 1048576K
}
Event: 9,279 GC heap after
{Heap after GC invocations=5 (full 0):
 garbage-first heap   total 310272K, used 13214K [0x0000000707000000, 0x0000000800000000)
  region size 1024K, 5 young (5120K), 5 survivors (5120K)
 Metaspace       used 17210K, capacity 17864K, committed 18176K, reserved 1064960K
  class space    used 1943K, capacity 2235K, committed 2304K, reserved 1048576K
}
Event: 12,310 GC heap before
{Heap before GC invocations=5 (full 0):
 garbage-first heap   total 310272K, used 96158K [0x0000000707000000, 0x0000000800000000)
  region size 1024K, 86 young (88064K), 5 survivors (5120K)
 Metaspace       used 19462K, capacity 20145K, committed 20352K, reserved 1067008K
  class space    used 2084K, capacity 2369K, committed 2432K, reserved 1048576K
}
Event: 12,334 GC heap after
{Heap after GC invocations=6 (full 0):
 garbage-first heap   total 310272K, used 23756K [0x0000000707000000, 0x0000000800000000)
  region size 1024K, 11 young (11264K), 11 survivors (11264K)
 Metaspace       used 19462K, capacity 20145K, committed 20352K, reserved 1067008K
  class space    used 2084K, capacity 2369K, committed 2432K, reserved 1048576K
}

